\BOOKMARK [1][-]{section.1}{\376\377\000I\000n\000t\000r\000o\000d\000u\000c\000t\000i\000o\000n}{}% 1
\BOOKMARK [1][-]{section.2}{\376\377\000S\000y\000n\000t\000h\000e\000t\000i\000c\000\040\000D\000a\000t\000a\000\040\000G\000e\000n\000e\000r\000a\000t\000i\000o\000n\000\040\000w\000i\000t\000h\000\040\000U\000n\000r\000e\000a\000l\000\040\000E\000n\000g\000i\000n\000e\000\040\0005}{}% 2
\BOOKMARK [1][-]{section.3}{\376\377\000M\000e\000t\000h\000o\000d\000o\000l\000o\000g\000y}{}% 3
\BOOKMARK [2][-]{subsection.3.1}{\376\377\000I\000n\000t\000r\000o\000d\000u\000c\000t\000i\000o\000n}{section.3}% 4
\BOOKMARK [2][-]{subsection.3.2}{\376\377\000A\000c\000h\000i\000e\000v\000i\000n\000g\000\040\000H\000i\000g\000h\000\040\000F\000i\000d\000e\000l\000i\000t\000y}{section.3}% 5
\BOOKMARK [2][-]{subsection.3.3}{\376\377\000T\000h\000e\000\040\000T\000e\000r\000r\000a\000i\000n}{section.3}% 6
\BOOKMARK [2][-]{subsection.3.4}{\376\377\000T\000h\000e\000\040\000W\000a\000t\000e\000r}{section.3}% 7
\BOOKMARK [2][-]{subsection.3.5}{\376\377\000T\000h\000e\000\040\000S\000k\000y}{section.3}% 8
\BOOKMARK [2][-]{subsection.3.6}{\376\377\000T\000h\000e\000\040\000W\000e\000a\000t\000h\000e\000r}{section.3}% 9
\BOOKMARK [1][-]{section.4}{\376\377\000T\000h\000e\000\040\000B\000u\000o\000y\000s}{}% 10
\BOOKMARK [2][-]{subsection.4.1}{\376\377\000T\000h\000e\000\040\000B\000u\000o\000y\000s}{section.4}% 11
\BOOKMARK [2][-]{subsection.4.2}{\376\377\000B\000u\000o\000y\000a\000n\000c\000y}{section.4}% 12
\BOOKMARK [1][-]{section.5}{\376\377\000T\000h\000e\000\040\000D\000a\000t\000a\000\040\000G\000e\000n\000e\000r\000a\000t\000i\000o\000n\000\040\000P\000i\000p\000e\000l\000i\000n\000e}{}% 13
\BOOKMARK [2][-]{subsection.5.1}{\376\377\000I\000n\000t\000r\000o\000d\000u\000c\000t\000i\000o\000n}{section.5}% 14
\BOOKMARK [2][-]{subsection.5.2}{\376\377\000H\000a\000n\000d\000l\000i\000n\000g\000\040\000C\000o\000n\000c\000u\000r\000r\000e\000n\000t\000\040\000A\000c\000t\000i\000o\000n\000s}{section.5}% 15
\BOOKMARK [2][-]{subsection.5.3}{\376\377\000P\000o\000s\000i\000t\000i\000o\000n\000i\000n\000g\000\040\000t\000h\000e\000\040\000C\000a\000m\000e\000r\000a}{section.5}% 16
\BOOKMARK [2][-]{subsection.5.4}{\376\377\000S\000e\000m\000a\000n\000t\000i\000c\000\040\000L\000a\000b\000e\000l\000l\000i\000n\000g}{section.5}% 17
\BOOKMARK [2][-]{subsection.5.5}{\376\377\000B\000o\000u\000n\000d\000i\000n\000g\000\040\000B\000o\000x\000e\000s}{section.5}% 18
\BOOKMARK [2][-]{subsection.5.6}{\376\377\000S\000e\000m\000a\000n\000t\000i\000c\000\040\000S\000e\000g\000m\000e\000n\000t\000a\000t\000i\000o\000n\000\040\000M\000a\000s\000k\000s}{section.5}% 19
\BOOKMARK [2][-]{subsection.5.7}{\376\377\000S\000c\000e\000n\000e\000\040\000C\000a\000p\000t\000u\000r\000e}{section.5}% 20
\BOOKMARK [2][-]{subsection.5.8}{\376\377\000S\000t\000o\000r\000i\000n\000g\000\040\000M\000a\000s\000k\000\040\000C\000o\000o\000r\000d\000i\000n\000a\000t\000e\000s\000\040\000w\000i\000t\000h\000\040\000a\000\040\000P\000y\000t\000h\000o\000n\000\040\000S\000c\000r\000i\000p\000t}{section.5}% 21
\BOOKMARK [1][-]{section.6}{\376\377\000D\000i\000s\000c\000u\000s\000s\000i\000o\000n}{}% 22
\BOOKMARK [1][-]{section.7}{\376\377\000C\000o\000n\000c\000l\000u\000s\000i\000o\000n}{}% 23
\BOOKMARK [1][-]{section.8}{\376\377\000F\000u\000t\000u\000r\000e\000\040\000W\000o\000r\000k}{}% 24
